Arguments: 
  /home/terry/.nvm/versions/node/v14.1.0/bin/node /usr/share/yarn/bin/yarn.js init

PATH: 
  /home/terry/gems/bin:/home/terry/.nvm/versions/node/v14.1.0/bin:/home/terry/.symfony/bin:/home/terry/.local/bin:/home/terry/anaconda3/bin:/home/terry/anaconda3/condabin:/home/terry/.symfony/bin:/home/terry/.local/bin:/usr/local/sbin:/usr/local/bin:/usr/sbin:/usr/bin:/sbin:/bin:/usr/games:/usr/local/games:/snap/bin

Yarn version: 
  1.22.4

Node version: 
  14.1.0

Platform: 
  linux x64

Trace: 
  Error: canceled
      at Interface.<anonymous> (/usr/share/yarn/lib/cli.js:137008:13)
      at Interface.emit (events.js:315:20)
      at Interface._ttyWrite (readline.js:873:16)
      at ReadStream.onkeypress (readline.js:213:10)
      at ReadStream.emit (events.js:315:20)
      at emitKeys (internal/readline/utils.js:335:14)
      at emitKeys.next (<anonymous>)
      at ReadStream.onData (readline.js:1140:36)
      at ReadStream.emit (events.js:315:20)
      at addChunk (_stream_readable.js:300:12)

npm manifest: 
  No manifest

yarn manifest: 
  No manifest

Lockfile: 
  No lockfile
